2019/08/30 01:26:37 $v(cowberry) 310802215%!(EXTRA string=дз)
2019/08/30 01:26:38 $v(cowberry) 310802215%!(EXTRA string=сегодня)
2019/08/30 01:26:39 $v(cowberry) 310802215%!(EXTRA string=конспект)
2019/08/30 01:26:40 $v(cowberry) 310802215%!(EXTRA string=Алгебра)
2019/08/30 01:26:42 $v(cowberry) 310802215%!(EXTRA string=дежурные)
2019/08/30 01:27:58 $s(%!d(string=cowberry)) %!s(int64=310802215)%!(EXTRA string=дз)
2019/08/30 01:27:59 $s(%!d(string=cowberry)) %!s(int64=310802215)%!(EXTRA string=сегодня)
2019/08/30 01:28:01 $s(%!d(string=cowberry)) %!s(int64=310802215)%!(EXTRA string=учителя)
2019/08/30 01:28:01 $s(%!d(string=cowberry)) %!s(int64=310802215)%!(EXTRA string=расписание)
2019/08/30 01:29:34 cowberry(310802215) расписание
2019/08/30 01:29:35 cowberry(310802215) учителя
2019/08/30 01:29:35 cowberry(310802215) конспект
2019/08/30 01:29:36 cowberry(310802215) Алгебра
2019/08/30 01:29:37 cowberry(310802215) старт
2019/08/30 01:29:38 cowberry(310802215) конспект
2019/08/30 01:29:39 cowberry(310802215) Мат.Ан.
2019/08/30 01:29:40 cowberry(310802215) дежурные
2019/08/30 01:29:40 cowberry(310802215) дз
2019/08/30 01:29:41 cowberry(310802215) сегодня
2019/08/30 02:12:36 cowberry(310802215) log
2019/08/30 02:13:59 cowberry(310802215) log
2019/08/30 03:47:51 cowberry(310802215) kotitehtävät
2019/08/30 03:58:48 cowberry(310802215) старт
2019/08/30 03:58:49 cowberry(310802215) старт
2019/08/30 03:58:50 cowberry(310802215) дз
2019/08/30 03:58:51 cowberry(310802215) сегодня
2019/08/30 03:58:52 cowberry(310802215) дз
2019/08/30 03:58:53 cowberry(310802215) завтра
2019/08/30 03:58:55 cowberry(310802215) дз
2019/08/30 03:58:56 cowberry(310802215) всё
2019/08/30 03:58:59 cowberry(310802215) дз
2019/08/30 03:59:00 cowberry(310802215) по предмету
2019/08/30 03:59:01 cowberry(310802215) МатематикаЕГЭ
2019/08/30 03:59:03 cowberry(310802215) дз
2019/08/30 03:59:05 cowberry(310802215) на дату
2019/08/30 03:59:13 cowberry(310802215) дз
2019/08/30 03:59:16 cowberry(310802215) старт
2019/08/30 03:59:23 cowberry(310802215) дз
2019/08/30 03:59:26 cowberry(310802215) на дату
2019/08/30 03:59:47 cowberry(310802215) расписание
2019/08/30 03:59:52 cowberry(310802215) дежурные
2019/08/30 03:59:56 cowberry(310802215) конспект
2019/08/30 03:59:57 cowberry(310802215) Мат.Ан.
2019/08/30 03:59:59 cowberry(310802215) конспект
2019/08/30 04:00:00 cowberry(310802215) Обществознание
2019/08/30 04:00:02 cowberry(310802215) конспект
2019/08/30 04:00:03 cowberry(310802215) Алгебра
2019/08/30 04:00:05 cowberry(310802215) учителя
2019/08/30 04:00:12 cowberry(310802215) пожелание
2019/08/30 04:00:14 cowberry(310802215) Cancel
2019/08/30 04:00:15 cowberry(310802215) пожелание
2019/08/30 04:00:20 cowberry(310802215) Cancel
2019/08/30 04:00:20 cowberry(310802215) пожелание
2019/08/30 04:00:23 cowberry(310802215) aeffw
